# JRE version: Java(TM) SE Runtime Environment (21.0.10+8) (build 21.0.10+8-LTS-217)
# Java VM: Java HotSpot(TM) 64-Bit Server VM (21.0.10+8-LTS-217, mixed mode, emulated-client, sharing, tiered, compressed oops, compressed class ptrs, g1 gc, windows-amd64)
GC Precious Log:
 CardTable entry size: 512
 Card Set container configuration: InlinePtr #cards 5 size 8 Array Of Cards #cards 12 size 40 Howl #buckets 4 coarsen threshold 1843 Howl Bitmap #cards 512 size 80 coarsen threshold 460 Card regions per heap region 1 cards per card region 2048
 CPUs: 8 total, 8 available
 Memory: 7896M
 Large Page Support: Disabled
 NUMA Support: Disabled
 Compressed Oops: Enabled (32-bit)
 Heap Region Size: 1M
 Heap Min Capacity: 8M
 Heap Initial Capacity: 124M
 Heap Max Capacity: 1976M
 Pre-touch: Disabled
 Parallel Workers: 8
 Concurrent Workers: 2
 Concurrent Refinement Workers: 8
 Periodic GC: Disabled
Heap:
 garbage-first heap   total 70656K, used 57832K [0x0000000084800000, 0x0000000100000000)
  region size 1024K, 36 young (36864K), 5 survivors (5120K)
 Metaspace       used 65427K, committed 66112K, reserved 1114112K
  class space    used 9226K, committed 9536K, reserved 1048576K
GC Heap History (20 events):
Event: 0.939 GC heap before
{Heap before GC invocations=1 (full 0):
 garbage-first heap   total 126976K, used 34681K [0x0000000084800000, 0x0000000100000000)
  region size 1024K, 31 young (31744K), 3 survivors (3072K)
 Metaspace       used 12854K, committed 13184K, reserved 1114112K
  class space    used 1657K, committed 1792K, reserved 1048576K
}
Event: 0.945 GC heap after
{Heap after GC invocations=2 (full 0):
 garbage-first heap   total 126976K, used 9738K [0x0000000084800000, 0x0000000100000000)
  region size 1024K, 3 young (3072K), 3 survivors (3072K)
 Metaspace       used 12854K, committed 13184K, reserved 1114112K
  class space    used 1657K, committed 1792K, reserved 1048576K
}
Event: 1.450 GC heap before
{Heap before GC invocations=2 (full 0):
 garbage-first heap   total 126976K, used 43530K [0x0000000084800000, 0x0000000100000000)
  region size 1024K, 38 young (38912K), 3 survivors (3072K)
 Metaspace       used 17576K, committed 17920K, reserved 1114112K
  class space    used 2326K, committed 2496K, reserved 1048576K
}
Event: 1.457 GC heap after
{Heap after GC invocations=3 (full 0):
 garbage-first heap   total 126976K, used 13149K [0x0000000084800000, 0x0000000100000000)
  region size 1024K, 6 young (6144K), 6 survivors (6144K)
 Metaspace       used 17576K, committed 17920K, reserved 1114112K
  class space    used 2326K, committed 2496K, reserved 1048576K
}
Event: 2.134 GC heap before
{Heap before GC invocations=4 (full 0):
 garbage-first heap   total 48128K, used 47965K [0x0000000084800000, 0x0000000100000000)
  region size 1024K, 40 young (40960K), 6 survivors (6144K)
 Metaspace       used 23098K, committed 23552K, reserved 1114112K
  class space    used 3195K, committed 3392K, reserved 1048576K
}
Event: 2.148 GC heap after
{Heap after GC invocations=5 (full 0):
 garbage-first heap   total 58368K, used 16406K [0x0000000084800000, 0x0000000100000000)
  region size 1024K, 7 young (7168K), 7 survivors (7168K)
 Metaspace       used 23098K, committed 23552K, reserved 1114112K
  class space    used 3195K, committed 3392K, reserved 1048576K
}
Event: 2.632 GC heap before
{Heap before GC invocations=5 (full 0):
 garbage-first heap   total 58368K, used 44054K [0x0000000084800000, 0x0000000100000000)
  region size 1024K, 34 young (34816K), 7 survivors (7168K)
 Metaspace       used 29149K, committed 29632K, reserved 1114112K
  class space    used 3889K, committed 4096K, reserved 1048576K
}
Event: 2.646 GC heap after
{Heap after GC invocations=6 (full 0):
 garbage-first heap   total 58368K, used 19065K [0x0000000084800000, 0x0000000100000000)
  region size 1024K, 3 young (3072K), 3 survivors (3072K)
 Metaspace       used 29149K, committed 29632K, reserved 1114112K
  class space    used 3889K, committed 4096K, reserved 1048576K
}
Event: 2.673 GC heap before
{Heap before GC invocations=6 (full 0):
 garbage-first heap   total 58368K, used 20089K [0x0000000084800000, 0x0000000100000000)
  region size 1024K, 5 young (5120K), 3 survivors (3072K)
 Metaspace       used 29447K, committed 29888K, reserved 1114112K
  class space    used 3924K, committed 4096K, reserved 1048576K
}
Event: 2.678 GC heap after
{Heap after GC invocations=7 (full 0):
 garbage-first heap   total 70656K, used 19623K [0x0000000084800000, 0x0000000100000000)
  region size 1024K, 1 young (1024K), 1 survivors (1024K)
 Metaspace       used 29447K, committed 29888K, reserved 1114112K
  class space    used 3924K, committed 4096K, reserved 1048576K
}
Event: 3.434 GC heap before
{Heap before GC invocations=8 (full 0):
 garbage-first heap   total 70656K, used 57511K [0x0000000084800000, 0x0000000100000000)
  region size 1024K, 38 young (38912K), 1 survivors (1024K)
 Metaspace       used 39067K, committed 39680K, reserved 1114112K
  class space    used 5362K, committed 5632K, reserved 1048576K
}
Event: 3.440 GC heap after
{Heap after GC invocations=9 (full 0):
 garbage-first heap   total 70656K, used 21538K [0x0000000084800000, 0x0000000100000000)
  region size 1024K, 3 young (3072K), 3 survivors (3072K)
 Metaspace       used 39067K, committed 39680K, reserved 1114112K
  class space    used 5362K, committed 5632K, reserved 1048576K
}
Event: 4.173 GC heap before
{Heap before GC invocations=9 (full 0):
 garbage-first heap   total 70656K, used 58402K [0x0000000084800000, 0x0000000100000000)
  region size 1024K, 39 young (39936K), 3 survivors (3072K)
 Metaspace       used 49464K, committed 50048K, reserved 1114112K
  class space    used 6957K, committed 7232K, reserved 1048576K
}
Event: 4.181 GC heap after
{Heap after GC invocations=10 (full 0):
 garbage-first heap   total 70656K, used 23063K [0x0000000084800000, 0x0000000100000000)
  region size 1024K, 5 young (5120K), 5 survivors (5120K)
 Metaspace       used 49464K, committed 50048K, reserved 1114112K
  class space    used 6957K, committed 7232K, reserved 1048576K
}
Event: 4.197 GC heap before
{Heap before GC invocations=10 (full 0):
 garbage-first heap   total 70656K, used 23063K [0x0000000084800000, 0x0000000100000000)
  region size 1024K, 6 young (6144K), 5 survivors (5120K)
 Metaspace       used 49652K, committed 50176K, reserved 1114112K
  class space    used 6990K, committed 7232K, reserved 1048576K
}
Event: 4.204 GC heap after
{Heap after GC invocations=11 (full 0):
 garbage-first heap   total 70656K, used 23277K [0x0000000084800000, 0x0000000100000000)
  region size 1024K, 2 young (2048K), 2 survivors (2048K)
 Metaspace       used 49652K, committed 50176K, reserved 1114112K
  class space    used 6990K, committed 7232K, reserved 1048576K
}
Event: 4.891 GC heap before
{Heap before GC invocations=12 (full 0):
 garbage-first heap   total 70656K, used 61165K [0x0000000084800000, 0x0000000100000000)
  region size 1024K, 39 young (39936K), 2 survivors (2048K)
 Metaspace       used 54362K, committed 54976K, reserved 1114112K
  class space    used 7673K, committed 7936K, reserved 1048576K
}
Event: 4.895 GC heap after
{Heap after GC invocations=13 (full 0):
 garbage-first heap   total 70656K, used 25695K [0x0000000084800000, 0x0000000100000000)
  region size 1024K, 5 young (5120K), 5 survivors (5120K)
 Metaspace       used 54362K, committed 54976K, reserved 1114112K
  class space    used 7673K, committed 7936K, reserved 1048576K
}
Event: 5.463 GC heap before
{Heap before GC invocations=13 (full 0):
 garbage-first heap   total 70656K, used 60511K [0x0000000084800000, 0x0000000100000000)
  region size 1024K, 39 young (39936K), 5 survivors (5120K)
 Metaspace       used 58077K, committed 58752K, reserved 1114112K
  class space    used 8234K, committed 8512K, reserved 1048576K
}
Event: 5.470 GC heap after
{Heap after GC invocations=14 (full 0):
 garbage-first heap   total 70656K, used 28136K [0x0000000084800000, 0x0000000100000000)
  region size 1024K, 5 young (5120K), 5 survivors (5120K)
 Metaspace       used 58077K, committed 58752K, reserved 1114112K
  class space    used 8234K, committed 8512K, reserved 1048576K
}

