# JRE version: Java(TM) SE Runtime Environment (21.0.10+8) (build 21.0.10+8-LTS-217)
# Java VM: Java HotSpot(TM) 64-Bit Server VM (21.0.10+8-LTS-217, mixed mode, emulated-client, sharing, tiered, compressed oops, compressed class ptrs, g1 gc, windows-amd64)
GC Precious Log:
 CardTable entry size: 512
 Card Set container configuration: InlinePtr #cards 5 size 8 Array Of Cards #cards 12 size 40 Howl #buckets 4 coarsen threshold 1843 Howl Bitmap #cards 512 size 80 coarsen threshold 460 Card regions per heap region 1 cards per card region 2048
 CPUs: 8 total, 8 available
 Memory: 7896M
 Large Page Support: Disabled
 NUMA Support: Disabled
 Compressed Oops: Enabled (32-bit)
 Heap Region Size: 1M
 Heap Min Capacity: 8M
 Heap Initial Capacity: 124M
 Heap Max Capacity: 1976M
 Pre-touch: Disabled
 Parallel Workers: 8
 Concurrent Workers: 2
 Concurrent Refinement Workers: 8
 Periodic GC: Disabled
Heap:
 garbage-first heap   total 58368K, used 21092K [0x0000000084800000, 0x0000000100000000)
  region size 1024K, 3 young (3072K), 3 survivors (3072K)
 Metaspace       used 37513K, committed 38144K, reserved 1114112K
  class space    used 5156K, committed 5440K, reserved 1048576K
GC Heap History (13 events):
Event: 1.803 GC heap before
{Heap before GC invocations=0 (full 0):
 garbage-first heap   total 126976K, used 23552K [0x0000000084800000, 0x0000000100000000)
  region size 1024K, 23 young (23552K), 0 survivors (0K)
 Metaspace       used 5534K, committed 5760K, reserved 1114112K
  class space    used 724K, committed 832K, reserved 1048576K
}
Event: 1.810 GC heap after
{Heap after GC invocations=1 (full 0):
 garbage-first heap   total 126976K, used 6961K [0x0000000084800000, 0x0000000100000000)
  region size 1024K, 3 young (3072K), 3 survivors (3072K)
 Metaspace       used 5534K, committed 5760K, reserved 1114112K
  class space    used 724K, committed 832K, reserved 1048576K
}
Event: 2.265 GC heap before
{Heap before GC invocations=1 (full 0):
 garbage-first heap   total 126976K, used 35633K [0x0000000084800000, 0x0000000100000000)
  region size 1024K, 32 young (32768K), 3 survivors (3072K)
 Metaspace       used 12781K, committed 13120K, reserved 1114112K
  class space    used 1653K, committed 1792K, reserved 1048576K
}
Event: 2.271 GC heap after
{Heap after GC invocations=2 (full 0):
 garbage-first heap   total 126976K, used 9581K [0x0000000084800000, 0x0000000100000000)
  region size 1024K, 3 young (3072K), 3 survivors (3072K)
 Metaspace       used 12781K, committed 13120K, reserved 1114112K
  class space    used 1653K, committed 1792K, reserved 1048576K
}
Event: 4.042 GC heap before
{Heap before GC invocations=2 (full 0):
 garbage-first heap   total 126976K, used 46445K [0x0000000084800000, 0x0000000100000000)
  region size 1024K, 41 young (41984K), 3 survivors (3072K)
 Metaspace       used 17978K, committed 18304K, reserved 1114112K
  class space    used 2370K, committed 2560K, reserved 1048576K
}
Event: 4.049 GC heap after
{Heap after GC invocations=3 (full 0):
 garbage-first heap   total 126976K, used 13257K [0x0000000084800000, 0x0000000100000000)
  region size 1024K, 6 young (6144K), 6 survivors (6144K)
 Metaspace       used 17978K, committed 18304K, reserved 1114112K
  class space    used 2370K, committed 2560K, reserved 1048576K
}
Event: 4.840 GC heap before
{Heap before GC invocations=4 (full 0):
 garbage-first heap   total 48128K, used 48073K [0x0000000084800000, 0x0000000100000000)
  region size 1024K, 40 young (40960K), 6 survivors (6144K)
 Metaspace       used 23275K, committed 23744K, reserved 1114112K
  class space    used 3231K, committed 3456K, reserved 1048576K
}
Event: 4.859 GC heap after
{Heap after GC invocations=5 (full 0):
 garbage-first heap   total 58368K, used 16495K [0x0000000084800000, 0x0000000100000000)
  region size 1024K, 7 young (7168K), 7 survivors (7168K)
 Metaspace       used 23275K, committed 23744K, reserved 1114112K
  class space    used 3231K, committed 3456K, reserved 1048576K
}
Event: 6.506 GC heap before
{Heap before GC invocations=5 (full 0):
 garbage-first heap   total 58368K, used 44143K [0x0000000084800000, 0x0000000100000000)
  region size 1024K, 34 young (34816K), 7 survivors (7168K)
 Metaspace       used 29615K, committed 30144K, reserved 1114112K
  class space    used 3945K, committed 4160K, reserved 1048576K
}
Event: 6.519 GC heap after
{Heap after GC invocations=6 (full 0):
 garbage-first heap   total 58368K, used 19115K [0x0000000084800000, 0x0000000100000000)
  region size 1024K, 3 young (3072K), 3 survivors (3072K)
 Metaspace       used 29615K, committed 30144K, reserved 1114112K
  class space    used 3945K, committed 4160K, reserved 1048576K
}
Event: 6.567 GC heap before
{Heap before GC invocations=6 (full 0):
 garbage-first heap   total 58368K, used 21163K [0x0000000084800000, 0x0000000100000000)
  region size 1024K, 6 young (6144K), 3 survivors (3072K)
 Metaspace       used 30044K, committed 30528K, reserved 1114112K
  class space    used 4025K, committed 4224K, reserved 1048576K
}
Event: 6.571 GC heap after
{Heap after GC invocations=7 (full 0):
 garbage-first heap   total 58368K, used 19620K [0x0000000084800000, 0x0000000100000000)
  region size 1024K, 1 young (1024K), 1 survivors (1024K)
 Metaspace       used 30044K, committed 30528K, reserved 1114112K
  class space    used 4025K, committed 4224K, reserved 1048576K
}
Event: 10.435 GC heap before
{Heap before GC invocations=8 (full 0):
 garbage-first heap   total 58368K, used 46244K [0x0000000084800000, 0x0000000100000000)
  region size 1024K, 28 young (28672K), 1 survivors (1024K)
 Metaspace       used 37513K, committed 38144K, reserved 1114112K
  class space    used 5156K, committed 5440K, reserved 1048576K
}

